[client:question:Max Mustermann]	Musterfrage
[client:question:Max Mustermann]	Musterfrage
[client:question:Max Mustermann]	Musterfrage
[client:question:Max Mustermann]	Musterfrage
[client:question:Max Mustermann]	Musterfragen
[client:question:Florian Grunert]   Funktioniert das System?
[client:question:Florian Grunert]   Funktioniert das System wirklich?
[client:question:Florian Grunert]	Funktioniert das System wirklich?
[client:question:Florian Grunert]	Funktioniert das System?[server]	done[server]	done
[client:question:Florian Grunert]	Funktioniert das System?
[server]	done
[client:question:Karheinz]	Welche weiteren Methoden der Lösung eines Gleichungssystems existieren?
[server]	done
[client:question:Karheinz]	Welche weiteren Methoden der Lösung eines Gleichungssystems existieren?
[server]	done
[client:question:Florian Grunert]	TEstfrahe
[client:question:Florian Grunert]	Wie funktioniert das?
[server]	done
[client:question:Florian Grunert]	Wie funktioniert dieses System?
[server]	done
[client:question:Florian Grunert]	Wie funktioniert dieses System?
[client:question:Florian Grunert]	Wie funktioniert dieses System?
[server]	done
[client:question:Florian Grunert]	Wie funktioniert dieses System?
[server]	done
[client:question:Florian Grunert]	Wie funktioniert dieses System?
[server]	done
[client:question:Karlheinz]	Welche weiteren Möglichkeiten zur Lösung eines Gleichungssystems existieren?
[server]	done
[client:question:testname]	testfrage
[server]	done
[client:question:Flo]	testfrage
[server]	done
[client:question:Flo]	Testfrage
[server]	done
[client:question:testfragetes]	testname
[server]	done
[client:service:]	Aktivierung der Beleuchtunganlage
[server]	done
[client:service:Florian Grunert]	Modifikation der Tafelposition
[server]	done
[client:service:Max Mustermann]	Aktivierung der Beleuchtungsanlage
[server]	done
[client:question:Florian Grunert]	Beispielfrage
[client:service:Max Mustermann]	Aktivierung der Beleuchtungsanlage
[client:question:Florian Grunert]	Frage?
[client:question:Florian Grunert]	test
[server]	done
[client:service:Max Mustermann]	Aktivierung der Beleuchtungsanlage
[server]	done
[client:question:Florian Grunert]	Ich habe eine äußerst lange Frage; wir sie auch in das Label passen?
[server]	done
[client:service:Max Mustermann]	Aktivierung der Beleuchtungsanlage
[server]	done
[client:question:Florian Grunert]	Tets
[server]	done
[client:service:Max Mustermann]	Aktivierung der Beleuchtungsanlage
[server]	done
[client:service:Max Mustermann]	Aktivierung der Beleuchtungsanlage
[server]	done
[client:service:Max Mustermann]	Aktivierung der Beleuchtungsanlage
[server]	done
[client:question:Florian Grunert]	Ich habe eine ußerst lange Frage, beiir nicht sicher bin, ob sie auf das gsamte Display mit seiner Breite passt.
[server]	done
[client:question:Florian Grunert]	Ich habe eine sehr lange frage, bei der ich mir nicht sicher bin, ob sie auf das Display mit seier ganzen maximalen Breite passt.
[server]	done
[client:question:Florian Grunert]	Testfrage
[server]	done
[client:question:Thomas]	Fällt morgen der Unterricht aus?
[server]	done
[client:service:Thomas]	Aktivierung der Beleuchtungsanlage
[server]	done
[client:service:Thomas]	Modifikation der Tafelposition
[client:service:Thomas]	Modifikation der Tafelposition
[server]	done
[client:service:Thomas]	Modifikation der Tafelposition
[server]	done
[client:service:Thomas]	Modifikation der Tafelposition
[server]	done
[client:service:Thomas]	Modifikation der Tafelposition
[server]	done
[client:service:Thomas]	Modifikation der Tafelposition
[server]	done
[client:service:Thomas]	Modifikation der Tafelposition
[server]	done
[client:service:Thomas]	Modifikation der Tafelposition
[server]	done
[client:service:Thomas]	Modifikation der Tafelposition
[server]	done
[client:question:Florian Grunert]	FG
[server]	done
[client:question:Florian Grunert]	Testfrage
[server]	done
[client:question:Florian Grunert]	test
[server]	done
[client:question:Florian Grunert]	test
[client:question:Florian Grunert]	How much is the fish?
[client:question:Florian Grunert]	Testfrage
[client:question:Testfrage]	Tesfrage
[client:question:Florian Grunert]	Testfrage
[client:question:Florian Grunert]	Testfrage
[client:question:Florian Grunert]	Testfrage
[client:question:Florian Grunert]	Testfrage
[client:question:Florian Grunert]	Testfrage
[client:question:Flo]	test
[server]	done
[client:question:Florian Grunert]	Testfrage
[server]	done
[client:question:Florian Grunert]	Test 2
[server]	done
[client:question:Florian]	Testfrage
[server]	done
[client:question:Florian Grunert]	Testfrage
[server]	done
[client:question:Florian Grunert]	Testfrage
[server]	done
[client:question:Florian Grunert]	noch eine Frage
[server]	done
[client:question:Florian Grunert]	Testfrage
[server]	done
[client:question:Florian Grunert]	noch eine Testfrage
[server]	done
[client:question:Florian Grunert]	ahe
[server]	done
[client:question:Flo]	Testfrage
[server]	done
[client:question:Florian Grunert]	Testfrage
[server]	done
[client:service:Floran]	Aktivierung der Beleuchtungsanlage
[server]	done
[client:service:Florian Grunert]	Aktivierung der Beleuchtungsanlage
[server]	done
[client:question:Florian Grunert]	Testfrage
[server]	done
[client:service:Florian Grunert]	Aktivierung der Beleuchtungsanlage
[server]	done
[client:question:Florian Grunert]	Testfrag
[server]	done
[client:question:Florian Grunert]	Testfrage
[server]	done
[client:service:Florian Grunert]	Aktivierung der Beleuchtungsanlage
[server]	done
[client:question:Florian Grunert]	Wie ist die Streamqualität?
[server]	done
[client:service:Florian Grunert]	Aktivierung der Beleuchtungsanlage
[server]	done
[client:service:Florian Grunert]	Modifikation der Tafelposition
[server]	done
[client:service:Florian Grunert]	Modifikation der Lehrkraftposition
[server]	done
[client:question:Florian Grunert]	Wie funktioniert das System?
[server]	done
[client:question:Florian Grunert]	Funktioniert das System auch von unterwegs?
[server]	done